<?xml version="1.0" encoding="UTF-8"?>
<!-- Generated by org.testng.reporters.JUnitReportReporter -->
<testsuite skipped="0" hostname="VGG-LT-219" name="com.hellofresh.challenge.ScreenShot" tests="4" failures="0" timestamp="13 Jul 2018 14:56:35 GMT" time="84.662" errors="0">
  <testcase name="checkoutTest" time="32.281" classname="com.hellofresh.challenge.ScreenShot"/>
  <testcase name="captureScreenshot" time="11.438" classname="com.hellofresh.challenge.ScreenShot"/>
  <testcase name="logInTest" time="19.456" classname="com.hellofresh.challenge.ScreenShot"/>
  <testcase name="signInTest" time="21.487" classname="com.hellofresh.challenge.ScreenShot"/>
</testsuite> <!-- com.hellofresh.challenge.ScreenShot -->
